<?xml version="1.0" encoding="UTF-8"?>
<!-- Generated by org.testng.reporters.JUnitReportReporter -->
<testsuite skipped="0" hostname="USBBCNU417B5D6" name="testng.Second_program" tests="1" failures="0" timestamp="14 Feb 2017 02:48:26 GMT" time="1.925" errors="0">
  <testcase name="f" time="1.925" classname="testng.Second_program"/>
</testsuite> <!-- testng.Second_program -->
