<?xml version="1.0" encoding="UTF-8"?>
<!-- Generated by org.testng.reporters.JUnitReportReporter -->
<testsuite skipped="0" hostname="USBBCNU417B5D6" name="testng.first_program" tests="1" failures="0" timestamp="14 Feb 2017 02:48:26 GMT" time="0.039" errors="0">
  <testcase name="f" time="0.039" classname="testng.first_program"/>
</testsuite> <!-- testng.first_program -->
