<?xml version="1.0" encoding="UTF-8"?>
<!-- Generated by org.testng.reporters.JUnitReportReporter -->
<testsuite skipped="0" hostname="USBBCNU417B5D6" name="testng.Priority_test" tests="2" failures="0" timestamp="14 Feb 2017 03:07:48 GMT" time="0.019" errors="0">
  <testcase name="def" time="0.016" classname="testng.Priority_test"/>
  <testcase name="abc" time="0.003" classname="testng.Priority_test"/>
</testsuite> <!-- testng.Priority_test -->
