<?xml version="1.0" encoding="UTF-8"?>
<!-- Generated by org.testng.reporters.JUnitReportReporter -->
<testsuite skipped="0" hostname="USBBCNU417B5D6" name="advance_webdriver.Cross_Browser_Testing" tests="3" failures="0" timestamp="3 Mar 2017 03:42:11 GMT" time="88.278" errors="0">
  <testcase name="f" time="60.157" classname="advance_webdriver.Cross_Browser_Testing"/>
  <testcase name="f" time="14.301" classname="advance_webdriver.Cross_Browser_Testing"/>
  <testcase name="f" time="13.820" classname="advance_webdriver.Cross_Browser_Testing"/>
</testsuite> <!-- advance_webdriver.Cross_Browser_Testing -->
