<?xml version="1.0" encoding="UTF-8"?>
<!-- Generated by org.testng.reporters.JUnitReportReporter -->
<testsuite skipped="0" hostname="USBBCNU417B5D6" name="testng.NewTest" tests="2" failures="0" timestamp="14 Feb 2017 02:48:26 GMT" time="0.002" errors="0">
  <testcase name="h" time="0.001" classname="testng.NewTest"/>
  <testcase name="g" time="0.001" classname="testng.NewTest"/>
</testsuite> <!-- testng.NewTest -->
